#
# A fatal error has been detected by the Java Runtime Environment:
#
#  EXCEPTION_ACCESS_VIOLATION (0xc0000005) at pc=0x0000000000007478, pid=5308, tid=5900
#
# JRE version: Java(TM) SE Runtime Environment (8.0_60-b27) (build 1.8.0_60-b27)
# Java VM: Java HotSpot(TM) 64-Bit Server VM (25.60-b23 mixed mode windows-amd64 compressed oops)
# Problematic frame:
# C  0x0000000000007478
#
# Failed to write core dump. Minidumps are not enabled by default on client versions of Windows
#
# If you would like to submit a bug report, please visit:
#   http://bugreport.java.com/bugreport/crash.jsp
#

---------------  T H R E A D  ---------------

Current thread (0x000000005515f000):  JavaThread "C1 CompilerThread2" daemon [_thread_in_vm, id=5900, stack(0x0000000056690000,0x0000000056790000)]

siginfo: ExceptionCode=0xc0000005, ExceptionInformation=0x0000000000000008 0x0000000000007478

Registers:
RAX=0x000000005515f000, RBX=0x000000000211a3d0, RCX=0x0000000056aebfd0, RDX=0x0000000056aebfe8
RSP=0x000000005678e568, RBP=0x000000005678e700, RSI=0x000000005678e6a0, RDI=0x0000000000000000
R8 =0x000000000211a3d0, R9 =0x0000000000000000, R10=0x000000000215f050, R11=0x0000000000000028
R12=0x0000000056913000, R13=0x0000000056aebfd0, R14=0x000000005515f000, R15=0x0000000000000000
RIP=0x0000000000007478, EFLAGS=0x0000000000010202

Top of Stack: (sp=0x000000005678e568)
0x000000005678e568:   000000005d20305e 00000000547d7838
0x000000005678e578:   000000005d2b4d0a 000000005678ea70
0x000000005678e588:   000000005d5d925d 000000005afae8c0
0x000000005678e598:   000000005d1ed9fb 000000000211a3d0
0x000000005678e5a8:   000000005678f170 000000000000006e
0x000000005678e5b8:   000000005678e740 0000000000000000
0x000000005678e5c8:   000000005678e6a0 000000001476da48
0x000000005678e5d8:   000000005d1ef351 0000000000000000
0x000000005678e5e8:   0000000000000000 000000000211a3d0
0x000000005678e5f8:   000000001476da00 0000000055142e30
0x000000005678e608:   0000000054925860 0000000054925860
0x000000005678e618:   000000005515f000 000000005839ada0
0x000000005678e628:   000000005d2b461f 00000000000000b6
0x000000005678e638:   000000005678f170 0000000000000000
0x000000005678e648:   000000000000006e 0000000054925860
0x000000005678e658:   000000005678f170 000000005678e740 

Instructions: (pc=0x0000000000007478)
0x0000000000007458:   
[error occurred during error reporting (printing registers, top of stack, instructions near pc), id 0xc0000005]

Register to memory mapping:

RAX=0x000000005515f000 is a thread
RBX=0x000000000211a3d0 is an unknown value
RCX=0x0000000056aebfd0 is an unknown value
RDX=0x0000000056aebfe8 is an unknown value
RSP=0x000000005678e568 is pointing into the stack for thread: 0x000000005515f000
RBP=0x000000005678e700 is pointing into the stack for thread: 0x000000005515f000
RSI=0x000000005678e6a0 is pointing into the stack for thread: 0x000000005515f000
RDI=0x0000000000000000 is an unknown value
R8 =0x000000000211a3d0 is an unknown value
R9 =0x0000000000000000 is an unknown value
R10=0x000000000215f050 is an unknown value
R11=0x0000000000000028 is an unknown value
R12=0x0000000056913000 is an unknown value
R13=0x0000000056aebfd0 is an unknown value
R14=0x000000005515f000 is a thread
R15=0x0000000000000000 is an unknown value


Stack: [0x0000000056690000,0x0000000056790000],  sp=0x000000005678e568,  free space=1017k
Native frames: (J=compiled Java code, j=interpreted, Vv=VM code, C=native code)
C  0x0000000000007478


Current CompileTask:
C1:   4802 2926       2       java.net.URLStreamHandler::parseURL (1158 bytes)


---------------  P R O C E S S  ---------------

Java Threads: ( => current thread )
  0x00000000599a3000 JavaThread "resolver-4" daemon [_thread_blocked, id=4180, stack(0x000000005a5f0000,0x000000005a6f0000)]
  0x0000000059b06800 JavaThread "resolver-3" daemon [_thread_blocked, id=1756, stack(0x000000005ba50000,0x000000005bb50000)]
  0x000000005853a800 JavaThread "resolver-2" daemon [_thread_blocked, id=2392, stack(0x000000005a2c0000,0x000000005a3c0000)]
  0x000000005853a000 JavaThread "resolver-1" daemon [_thread_blocked, id=5988, stack(0x000000005b940000,0x000000005ba40000)]
  0x00000000569da800 JavaThread "Monitor Ctrl-Break" daemon [_thread_in_native, id=1596, stack(0x0000000057260000,0x0000000057360000)]
  0x0000000056990800 JavaThread "Service Thread" daemon [_thread_blocked, id=4768, stack(0x0000000056e80000,0x0000000056f80000)]
=>0x000000005515f000 JavaThread "C1 CompilerThread2" daemon [_thread_in_vm, id=5900, stack(0x0000000056690000,0x0000000056790000)]
  0x000000005515e000 JavaThread "C2 CompilerThread1" daemon [_thread_in_native, id=3372, stack(0x0000000056d70000,0x0000000056e70000)]
  0x000000005515b000 JavaThread "C2 CompilerThread0" daemon [_thread_in_native, id=1968, stack(0x0000000056810000,0x0000000056910000)]
  0x0000000055154800 JavaThread "Attach Listener" daemon [_thread_blocked, id=4448, stack(0x0000000056410000,0x0000000056510000)]
  0x0000000055153000 JavaThread "Signal Dispatcher" daemon [_thread_blocked, id=1708, stack(0x0000000056520000,0x0000000056620000)]
  0x00000000550f8000 JavaThread "Finalizer" daemon [_thread_blocked, id=5716, stack(0x00000000562f0000,0x00000000563f0000)]
  0x00000000550f1000 JavaThread "Reference Handler" daemon [_thread_blocked, id=1772, stack(0x0000000056190000,0x0000000056290000)]
  0x00000000022ce800 JavaThread "main" [_thread_blocked, id=5544, stack(0x0000000002360000,0x0000000002460000)]

Other Threads:
  0x00000000550eb800 VMThread [stack: 0x0000000056000000,0x0000000056100000] [id=3380]
  0x00000000569b9000 WatcherThread [stack: 0x0000000056fb0000,0x00000000570b0000] [id=4256]

VM state:synchronizing (normal execution)

VM Mutex/Monitor currently owned by a thread:  ([mutex/lock_event])
[0x00000000022cc820] Threads_lock - owner thread: 0x00000000550eb800

Heap:
 PSYoungGen      total 68096K, used 26860K [0x00000000eab00000, 0x00000000f4300000, 0x0000000100000000)
  eden space 65536K, 37% used [0x00000000eab00000,0x00000000ec2bb258,0x00000000eeb00000)
  from space 2560K, 100% used [0x00000000eeb00000,0x00000000eed80000,0x00000000eed80000)
  to   space 12288K, 0% used [0x00000000f3700000,0x00000000f3700000,0x00000000f4300000)
 ParOldGen       total 44032K, used 17957K [0x00000000c0000000, 0x00000000c2b00000, 0x00000000eab00000)
  object space 44032K, 40% used [0x00000000c0000000,0x00000000c1189560,0x00000000c2b00000)
 Metaspace       used 19828K, capacity 20386K, committed 20608K, reserved 1067008K
  class space    used 2412K, capacity 2573K, committed 2688K, reserved 1048576K

Card table byte_map: [0x0000000011af0000,0x0000000011d00000] byte_map_base: 0x00000000114f0000

Marking Bits: (ParMarkBitMap*) 0x000000005d9ca5b0
 Begin Bits: [0x0000000012560000, 0x0000000013560000)
 End Bits:   [0x0000000013560000, 0x0000000014560000)

Polling page: 0x0000000000440000

CodeCache: size=245760Kb used=8841Kb max_used=8841Kb free=236918Kb
 bounds [0x0000000002730000, 0x0000000002fe0000, 0x0000000011730000]
 total_blobs=3280 nmethods=2906 adapters=287
 compilation: enabled

Compilation events (10 events):
Event: 4.767 Thread 0x000000005515f000 nmethod 2920 0x0000000002fd4350 code [0x0000000002fd44a0, 0x0000000002fd45b0]
Event: 4.768 Thread 0x000000005515f000 2921       2       org.sonatype.guice.plexus.scanners.PlexusXmlScanner::parseComponent (287 bytes)
Event: 4.770 Thread 0x000000005515f000 nmethod 2921 0x0000000002fd4610 code [0x0000000002fd4940, 0x0000000002fd5428]
Event: 4.770 Thread 0x000000005515f000 2922       2       org.sonatype.guice.plexus.scanners.PlexusTypeRegistry::addComponent (243 bytes)
Event: 4.772 Thread 0x000000005515f000 nmethod 2922 0x0000000002fd6150 code [0x0000000002fd6460, 0x0000000002fd7148]
Event: 4.772 Thread 0x000000005515f000 2924       2       java.nio.charset.CharsetEncoder::<init> (16 bytes)
Event: 4.772 Thread 0x000000005515f000 nmethod 2924 0x0000000002fd8150 code [0x0000000002fd82c0, 0x0000000002fd84c8]
Event: 4.772 Thread 0x000000005515f000 2923   !   2       org.sonatype.guice.plexus.scanners.PlexusTypeRegistry::loadRole (21 bytes)
Event: 4.773 Thread 0x000000005515f000 nmethod 2923 0x0000000002fd8590 code [0x0000000002fd8740, 0x0000000002fd8b58]
Event: 4.774 Thread 0x000000005515f000 2926       2       java.net.URLStreamHandler::parseURL (1158 bytes)

GC Heap History (10 events):
Event: 0.709 GC heap before
{Heap before GC invocations=1 (full 0):
 PSYoungGen      total 18944K, used 16384K [0x00000000eab00000, 0x00000000ec000000, 0x0000000100000000)
  eden space 16384K, 100% used [0x00000000eab00000,0x00000000ebb00000,0x00000000ebb00000)
  from space 2560K, 0% used [0x00000000ebd80000,0x00000000ebd80000,0x00000000ec000000)
  to   space 2560K, 0% used [0x00000000ebb00000,0x00000000ebb00000,0x00000000ebd80000)
 ParOldGen       total 44032K, used 0K [0x00000000c0000000, 0x00000000c2b00000, 0x00000000eab00000)
  object space 44032K, 0% used [0x00000000c0000000,0x00000000c0000000,0x00000000c2b00000)
 Metaspace       used 6878K, capacity 7016K, committed 7040K, reserved 1056768K
  class space    used 837K, capacity 892K, committed 896K, reserved 1048576K
Event: 0.716 GC heap after
Heap after GC invocations=1 (full 0):
 PSYoungGen      total 18944K, used 2552K [0x00000000eab00000, 0x00000000ed000000, 0x0000000100000000)
  eden space 16384K, 0% used [0x00000000eab00000,0x00000000eab00000,0x00000000ebb00000)
  from space 2560K, 99% used [0x00000000ebb00000,0x00000000ebd7e1a0,0x00000000ebd80000)
  to   space 2560K, 0% used [0x00000000ecd80000,0x00000000ecd80000,0x00000000ed000000)
 ParOldGen       total 44032K, used 584K [0x00000000c0000000, 0x00000000c2b00000, 0x00000000eab00000)
  object space 44032K, 1% used [0x00000000c0000000,0x00000000c00923d0,0x00000000c2b00000)
 Metaspace       used 6878K, capacity 7016K, committed 7040K, reserved 1056768K
  class space    used 837K, capacity 892K, committed 896K, reserved 1048576K
}
Event: 0.985 GC heap before
{Heap before GC invocations=2 (full 0):
 PSYoungGen      total 18944K, used 18936K [0x00000000eab00000, 0x00000000ed000000, 0x0000000100000000)
  eden space 16384K, 100% used [0x00000000eab00000,0x00000000ebb00000,0x00000000ebb00000)
  from space 2560K, 99% used [0x00000000ebb00000,0x00000000ebd7e1a0,0x00000000ebd80000)
  to   space 2560K, 0% used [0x00000000ecd80000,0x00000000ecd80000,0x00000000ed000000)
 ParOldGen       total 44032K, used 584K [0x00000000c0000000, 0x00000000c2b00000, 0x00000000eab00000)
  object space 44032K, 1% used [0x00000000c0000000,0x00000000c00923d0,0x00000000c2b00000)
 Metaspace       used 7739K, capacity 7854K, committed 7936K, reserved 1056768K
  class space    used 966K, capacity 1021K, committed 1024K, reserved 1048576K
Event: 0.990 GC heap after
Heap after GC invocations=2 (full 0):
 PSYoungGen      total 35328K, used 2503K [0x00000000eab00000, 0x00000000ed000000, 0x0000000100000000)
  eden space 32768K, 0% used [0x00000000eab00000,0x00000000eab00000,0x00000000ecb00000)
  from space 2560K, 97% used [0x00000000ecd80000,0x00000000ecff1de0,0x00000000ed000000)
  to   space 2560K, 0% used [0x00000000ecb00000,0x00000000ecb00000,0x00000000ecd80000)
 ParOldGen       total 44032K, used 592K [0x00000000c0000000, 0x00000000c2b00000, 0x00000000eab00000)
  object space 44032K, 1% used [0x00000000c0000000,0x00000000c00943d0,0x00000000c2b00000)
 Metaspace       used 7739K, capacity 7854K, committed 7936K, reserved 1056768K
  class space    used 966K, capacity 1021K, committed 1024K, reserved 1048576K
}
Event: 1.891 GC heap before
{Heap before GC invocations=3 (full 0):
 PSYoungGen      total 35328K, used 35271K [0x00000000eab00000, 0x00000000ed000000, 0x0000000100000000)
  eden space 32768K, 100% used [0x00000000eab00000,0x00000000ecb00000,0x00000000ecb00000)
  from space 2560K, 97% used [0x00000000ecd80000,0x00000000ecff1de0,0x00000000ed000000)
  to   space 2560K, 0% used [0x00000000ecb00000,0x00000000ecb00000,0x00000000ecd80000)
 ParOldGen       total 44032K, used 592K [0x00000000c0000000, 0x00000000c2b00000, 0x00000000eab00000)
  object space 44032K, 1% used [0x00000000c0000000,0x00000000c00943d0,0x00000000c2b00000)
 Metaspace       used 12258K, capacity 12452K, committed 12672K, reserved 1060864K
  class space    used 1502K, capacity 1573K, committed 1664K, reserved 1048576K
Event: 1.908 GC heap after
Heap after GC invocations=3 (full 0):
 PSYoungGen      total 35328K, used 2544K [0x00000000eab00000, 0x00000000ef000000, 0x0000000100000000)
  eden space 32768K, 0% used [0x00000000eab00000,0x00000000eab00000,0x00000000ecb00000)
  from space 2560K, 99% used [0x00000000ecb00000,0x00000000ecd7c030,0x00000000ecd80000)
  to   space 2560K, 0% used [0x00000000eed80000,0x00000000eed80000,0x00000000ef000000)
 ParOldGen       total 44032K, used 5813K [0x00000000c0000000, 0x00000000c2b00000, 0x00000000eab00000)
  object space 44032K, 13% used [0x00000000c0000000,0x00000000c05ad530,0x00000000c2b00000)
 Metaspace       used 12258K, capacity 12452K, committed 12672K, reserved 1060864K
  class space    used 1502K, capacity 1573K, committed 1664K, reserved 1048576K
}
Event: 2.505 GC heap before
{Heap before GC invocations=4 (full 0):
 PSYoungGen      total 35328K, used 35312K [0x00000000eab00000, 0x00000000ef000000, 0x0000000100000000)
  eden space 32768K, 100% used [0x00000000eab00000,0x00000000ecb00000,0x00000000ecb00000)
  from space 2560K, 99% used [0x00000000ecb00000,0x00000000ecd7c030,0x00000000ecd80000)
  to   space 2560K, 0% used [0x00000000eed80000,0x00000000eed80000,0x00000000ef000000)
 ParOldGen       total 44032K, used 5813K [0x00000000c0000000, 0x00000000c2b00000, 0x00000000eab00000)
  object space 44032K, 13% used [0x00000000c0000000,0x00000000c05ad530,0x00000000c2b00000)
 Metaspace       used 12827K, capacity 12962K, committed 13184K, reserved 1060864K
  class space    used 1546K, capacity 1610K, committed 1664K, reserved 1048576K
Event: 2.532 GC heap after
Heap after GC invocations=4 (full 0):
 PSYoungGen      total 68096K, used 2528K [0x00000000eab00000, 0x00000000ef000000, 0x0000000100000000)
  eden space 65536K, 0% used [0x00000000eab00000,0x00000000eab00000,0x00000000eeb00000)
  from space 2560K, 98% used [0x00000000eed80000,0x00000000eeff8020,0x00000000ef000000)
  to   space 2560K, 0% used [0x00000000eeb00000,0x00000000eeb00000,0x00000000eed80000)
 ParOldGen       total 44032K, used 8799K [0x00000000c0000000, 0x00000000c2b00000, 0x00000000eab00000)
  object space 44032K, 19% used [0x00000000c0000000,0x00000000c0897ce8,0x00000000c2b00000)
 Metaspace       used 12827K, capacity 12962K, committed 13184K, reserved 1060864K
  class space    used 1546K, capacity 1610K, committed 1664K, reserved 1048576K
}
Event: 3.944 GC heap before
{Heap before GC invocations=5 (full 0):
 PSYoungGen      total 68096K, used 68064K [0x00000000eab00000, 0x00000000ef000000, 0x0000000100000000)
  eden space 65536K, 100% used [0x00000000eab00000,0x00000000eeb00000,0x00000000eeb00000)
  from space 2560K, 98% used [0x00000000eed80000,0x00000000eeff8020,0x00000000ef000000)
  to   space 2560K, 0% used [0x00000000eeb00000,0x00000000eeb00000,0x00000000eed80000)
 ParOldGen       total 44032K, used 8799K [0x00000000c0000000, 0x00000000c2b00000, 0x00000000eab00000)
  object space 44032K, 19% used [0x00000000c0000000,0x00000000c0897ce8,0x00000000c2b00000)
 Metaspace       used 18899K, capacity 19414K, committed 19712K, reserved 1067008K
  class space    used 2308K, capacity 2437K, committed 2560K, reserved 1048576K
Event: 3.977 GC heap after
Heap after GC invocations=5 (full 0):
 PSYoungGen      total 68096K, used 2560K [0x00000000eab00000, 0x00000000f4300000, 0x0000000100000000)
  eden space 65536K, 0% used [0x00000000eab00000,0x00000000eab00000,0x00000000eeb00000)
  from space 2560K, 100% used [0x00000000eeb00000,0x00000000eed80000,0x00000000eed80000)
  to   space 12288K, 0% used [0x00000000f3700000,0x00000000f3700000,0x00000000f4300000)
 ParOldGen       total 44032K, used 17957K [0x00000000c0000000, 0x00000000c2b00000, 0x00000000eab00000)
  object space 44032K, 40% used [0x00000000c0000000,0x00000000c1189560,0x00000000c2b00000)
 Metaspace       used 18899K, capacity 19414K, committed 19712K, reserved 1067008K
  class space    used 2308K, capacity 2437K, committed 2560K, reserved 1048576K
}

Deoptimization events (10 events):
Event: 4.658 Thread 0x00000000022ce800 Uncommon trap: reason=speculate_class_check action=maybe_recompile pc=0x0000000002d8af44 method=java.nio.charset.CharsetDecoder.decode(Ljava/nio/ByteBuffer;Ljava/nio/CharBuffer;Z)Ljava/nio/charset/CoderResult; @ 57
Event: 4.658 Thread 0x00000000022ce800 Uncommon trap: reason=speculate_class_check action=maybe_recompile pc=0x0000000002d8af44 method=java.nio.charset.CharsetDecoder.decode(Ljava/nio/ByteBuffer;Ljava/nio/CharBuffer;Z)Ljava/nio/charset/CoderResult; @ 57
Event: 4.687 Thread 0x00000000022ce800 Uncommon trap: reason=class_check action=maybe_recompile pc=0x0000000002db27e8 method=java.util.regex.Pattern$7.isSatisfiedBy(I)Z @ 16
Event: 4.687 Thread 0x00000000022ce800 Uncommon trap: reason=class_check action=maybe_recompile pc=0x0000000002db27e8 method=java.util.regex.Pattern$7.isSatisfiedBy(I)Z @ 16
Event: 4.687 Thread 0x00000000022ce800 Uncommon trap: reason=class_check action=maybe_recompile pc=0x0000000002db27f8 method=java.util.regex.Pattern$CharProperty$1.isSatisfiedBy(I)Z @ 5
Event: 4.687 Thread 0x00000000022ce800 Uncommon trap: reason=class_check action=maybe_recompile pc=0x0000000002db27e8 method=java.util.regex.Pattern$7.isSatisfiedBy(I)Z @ 16
Event: 4.687 Thread 0x00000000022ce800 Uncommon trap: reason=class_check action=maybe_recompile pc=0x0000000002db27e8 method=java.util.regex.Pattern$7.isSatisfiedBy(I)Z @ 16
Event: 4.687 Thread 0x00000000022ce800 Uncommon trap: reason=class_check action=maybe_recompile pc=0x0000000002dac560 method=java.util.regex.Pattern$CharProperty$1.isSatisfiedBy(I)Z @ 5
Event: 4.687 Thread 0x00000000022ce800 Uncommon trap: reason=class_check action=maybe_recompile pc=0x0000000002dac560 method=java.util.regex.Pattern$CharProperty$1.isSatisfiedBy(I)Z @ 5
Event: 4.687 Thread 0x00000000022ce800 Uncommon trap: reason=class_check action=maybe_recompile pc=0x0000000002dac560 method=java.util.regex.Pattern$CharProperty$1.isSatisfiedBy(I)Z @ 5

Internal exceptions (10 events):
Event: 1.104 Thread 0x00000000022ce800 Exception <a 'java/lang/NoClassDefFoundError'> (0x00000000eaf86098) thrown at [C:\re\workspace\8-2-build-windows-amd64-cygwin\jdk8u60\4407\hotspot\src\share\vm\oops\instanceKlass.cpp, line 945]
Event: 1.933 Thread 0x00000000022ce800 Implicit null exception at 0x0000000002ac9d45 to 0x0000000002ac9f19
Event: 1.933 Thread 0x00000000022ce800 Implicit null exception at 0x0000000002a3e8ef to 0x0000000002a3e955
Event: 2.064 Thread 0x00000000022ce800 Implicit null exception at 0x0000000002a92a2b to 0x0000000002a92fd5
Event: 2.104 Thread 0x00000000022ce800 Implicit null exception at 0x0000000002c5a847 to 0x0000000002c5b7a9
Event: 2.644 Thread 0x00000000022ce800 Exception <a 'java/lang/NoClassDefFoundError': org/slf4j/Logger> (0x00000000eb04a168) thrown at [C:\re\workspace\8-2-build-windows-amd64-cygwin\jdk8u60\4407\hotspot\src\share\vm\oops\constantPool.cpp, line 235]
Event: 2.840 Thread 0x00000000022ce800 Exception <a 'java/lang/NoClassDefFoundError': org/slf4j/Logger> (0x00000000eb83d2a8) thrown at [C:\re\workspace\8-2-build-windows-amd64-cygwin\jdk8u60\4407\hotspot\src\share\vm\oops\constantPool.cpp, line 235]
Event: 3.337 Thread 0x00000000022ce800 Exception <a 'java/io/FileNotFoundException'> (0x00000000ec916d90) thrown at [C:\re\workspace\8-2-build-windows-amd64-cygwin\jdk8u60\4407\hotspot\src\share\vm\prims\jni.cpp, line 709]
Event: 3.340 Thread 0x00000000022ce800 Exception <a 'java/io/FileNotFoundException'> (0x00000000ec94a340) thrown at [C:\re\workspace\8-2-build-windows-amd64-cygwin\jdk8u60\4407\hotspot\src\share\vm\prims\jni.cpp, line 709]
Event: 3.831 Thread 0x00000000022ce800 Exception <a 'java/lang/NoClassDefFoundError': org/slf4j/Logger> (0x00000000ee48dc48) thrown at [C:\re\workspace\8-2-build-windows-amd64-cygwin\jdk8u60\4407\hotspot\src\share\vm\oops\constantPool.cpp, line 235]

Events (10 events):
Event: 4.768 loading class org/apache/maven/shared/filtering/MavenFileFilter
Event: 4.768 loading class org/apache/maven/shared/filtering/MavenFileFilter done
Event: 4.772 loading class org/apache/maven/shared/filtering/MavenResourcesFiltering
Event: 4.772 loading class org/apache/maven/shared/filtering/MavenResourcesFiltering done
Event: 4.772 loading class org/apache/maven/shared/filtering/MavenResourcesFiltering
Event: 4.772 loading class org/apache/maven/shared/filtering/MavenResourcesFiltering done
Event: 4.774 loading class org/sonatype/plexus/build/incremental/BuildContext
Event: 4.774 loading class org/sonatype/plexus/build/incremental/BuildContext done
Event: 4.774 loading class org/sonatype/plexus/build/incremental/BuildContext
Event: 4.774 loading class org/sonatype/plexus/build/incremental/BuildContext done


Dynamic libraries:
0x000000013fa90000 - 0x000000013fac7000 	C:\Program Files\Java\jdk1.8.0_60\bin\java.exe
0x0000000077890000 - 0x0000000077a39000 	C:\Windows\SYSTEM32\ntdll.dll
0x0000000077770000 - 0x000000007788f000 	C:\Windows\system32\kernel32.dll
0x000007fefd7b0000 - 0x000007fefd81c000 	C:\Windows\system32\KERNELBASE.dll
0x000007fefe860000 - 0x000007fefe93b000 	C:\Windows\system32\ADVAPI32.dll
0x000007feff700000 - 0x000007feff79f000 	C:\Windows\system32\msvcrt.dll
0x000007fefe210000 - 0x000007fefe22f000 	C:\Windows\SYSTEM32\sechost.dll
0x000007feff7a0000 - 0x000007feff8cd000 	C:\Windows\system32\RPCRT4.dll
0x0000000077670000 - 0x000000007776a000 	C:\Windows\system32\USER32.dll
0x000007fefdb70000 - 0x000007fefdbd7000 	C:\Windows\system32\GDI32.dll
0x000007feffb90000 - 0x000007feffb9e000 	C:\Windows\system32\LPK.dll
0x000007fefdc70000 - 0x000007fefdd39000 	C:\Windows\system32\USP10.dll
0x000007fefcf00000 - 0x000007fefd0f4000 	C:\Windows\WinSxS\amd64_microsoft.windows.common-controls_6595b64144ccf1df_6.0.7601.17514_none_fa396087175ac9ac\COMCTL32.dll
0x000007feff8d0000 - 0x000007feff941000 	C:\Windows\system32\SHLWAPI.dll
0x000007feff6d0000 - 0x000007feff6fe000 	C:\Windows\system32\IMM32.DLL
0x000007fefda60000 - 0x000007fefdb69000 	C:\Windows\system32\MSCTF.dll
0x0000000063a00000 - 0x0000000063ad2000 	C:\Program Files\Java\jdk1.8.0_60\jre\bin\msvcr100.dll
0x000000005d1c0000 - 0x000000005da49000 	C:\Program Files\Java\jdk1.8.0_60\jre\bin\server\jvm.dll
0x000007fef9d00000 - 0x000007fef9d09000 	C:\Windows\system32\WSOCK32.dll
0x000007fefdda0000 - 0x000007fefdded000 	C:\Windows\system32\WS2_32.dll
0x000007fefdc60000 - 0x000007fefdc68000 	C:\Windows\system32\NSI.dll
0x000007fef9180000 - 0x000007fef91bb000 	C:\Windows\system32\WINMM.dll
0x000007fefc260000 - 0x000007fefc26c000 	C:\Windows\system32\VERSION.dll
0x0000000077a50000 - 0x0000000077a57000 	C:\Windows\system32\PSAPI.DLL
0x0000000065160000 - 0x000000006516f000 	C:\Program Files\Java\jdk1.8.0_60\jre\bin\verify.dll
0x0000000064d20000 - 0x0000000064d49000 	C:\Program Files\Java\jdk1.8.0_60\jre\bin\java.dll
0x0000000064d00000 - 0x0000000064d16000 	C:\Program Files\Java\jdk1.8.0_60\jre\bin\zip.dll
0x000007fefe940000 - 0x000007feff6c8000 	C:\Windows\system32\SHELL32.dll
0x000007fefe230000 - 0x000007fefe433000 	C:\Windows\system32\ole32.dll
0x000007fefd6a0000 - 0x000007fefd6af000 	C:\Windows\system32\profapi.dll
0x000007fef9100000 - 0x000007fef9110000 	C:\Program Files (x86)\JetBrains\IntelliJ IDEA Community Edition 15.0.2\bin\breakgen64.dll
0x0000000064ce0000 - 0x0000000064cfa000 	C:\Program Files\Java\jdk1.8.0_60\jre\bin\net.dll
0x000007fefcb80000 - 0x000007fefcbd5000 	C:\Windows\system32\mswsock.dll
0x000007fefcb70000 - 0x000007fefcb77000 	C:\Windows\System32\wship6.dll
0x000007fefd4e0000 - 0x000007fefd537000 	C:\Windows\system32\apphelp.dll
0x0000000064cc0000 - 0x0000000064cd1000 	C:\Program Files\Java\jdk1.8.0_60\jre\bin\nio.dll
0x000007fefcbe0000 - 0x000007fefcbf7000 	C:\Windows\system32\CRYPTSP.dll
0x000007fefc8a0000 - 0x000007fefc8e7000 	C:\Windows\system32\rsaenh.dll
0x000007fefd830000 - 0x000007fefd84e000 	C:\Windows\system32\USERENV.dll
0x000007fefd540000 - 0x000007fefd54f000 	C:\Windows\system32\CRYPTBASE.dll
0x000007fefac30000 - 0x000007fefac57000 	C:\Windows\system32\IPHLPAPI.DLL
0x000007fefac20000 - 0x000007fefac2b000 	C:\Windows\system32\WINNSI.DLL
0x000007fefaab0000 - 0x000007fefaac1000 	C:\Windows\system32\dhcpcsvc6.DLL
0x000007fefaa30000 - 0x000007fefaa48000 	C:\Windows\system32\dhcpcsvc.DLL
0x000007fef6190000 - 0x000007fef62b5000 	C:\Windows\system32\dbghelp.dll

VM Arguments:
jvm_args: -Dmaven.home=C:\Program Files (x86)\JetBrains\IntelliJ IDEA Community Edition 15.0.2\plugins\maven\lib\maven3 -Dclassworlds.conf=C:\Program Files (x86)\JetBrains\IntelliJ IDEA Community Edition 15.0.2\plugins\maven\lib\maven3\bin\m2.conf -Didea.launcher.port=7532 -Didea.launcher.bin.path=C:\Program Files (x86)\JetBrains\IntelliJ IDEA Community Edition 15.0.2\bin -Dfile.encoding=UTF-8 
java_command: com.intellij.rt.execution.application.AppMain org.codehaus.classworlds.Launcher -Didea.version=15.0.2 org.apache.tomcat.maven:tomcat7-maven-plugin:2.2:run-war
java_class_path (initial): C:\Program Files (x86)\JetBrains\IntelliJ IDEA Community Edition 15.0.2\plugins\maven\lib\maven3\boot\plexus-classworlds-2.4.jar;C:\Program Files (x86)\JetBrains\IntelliJ IDEA Community Edition 15.0.2\lib\idea_rt.jar
Launcher Type: SUN_STANDARD

Environment Variables:
JAVA_HOME=C:\Program Files\Java\jdk1.8.0_60
PATH=C:\Program Files (x86)\Google\Chrome\Application;C:\Program Files (x86)\NVIDIA Corporation\PhysX\Common;C:\ProgramData\Oracle\Java\javapath;C:\Windows\system32;C:\Windows;C:\Windows\System32\Wbem;C:\Windows\System32\WindowsPowerShell\v1.0\;C:\apache-maven-3.3.3\bin;C:\Program Files\Java\jdk1.8.0_60\bin;C:\Program Files (x86)\MySQL\MySQL Server 5.5\bin;C:\Program Files (x86)\Skype\Phone\
USERNAME=Yevhn
OS=Windows_NT
PROCESSOR_IDENTIFIER=AMD64 Family 16 Model 2 Stepping 3, AuthenticAMD



---------------  S Y S T E M  ---------------

OS: Windows 7 , 64 bit Build 7601 (6.1.7601.18409)

CPU:total 4 (4 cores per cpu, 1 threads per core) family 16 model 2 stepping 3, cmov, cx8, fxsr, mmx, sse, sse2, sse3, popcnt, mmxext, 3dnowpref, lzcnt, sse4a, tsc, tscinvbit, tscinv

Memory: 4k page, physical 4192760k(823680k free), swap 8383656k(3443472k free)

vm_info: Java HotSpot(TM) 64-Bit Server VM (25.60-b23) for windows-amd64 JRE (1.8.0_60-b27), built on Aug  4 2015 11:06:27 by "java_re" with MS VC++ 10.0 (VS2010)

time: Mon Dec 21 00:44:06 2015
elapsed time: 4 seconds (0d 0h 0m 4s)

